<?xml version="1.0" encoding="UTF-8"?>
<testsuites>
  <testsuite name="C:\Users\jsdas\Desarrollo\AriaTechShop\AriaTechShop-ERP\server\phpunit.xml" tests="22" assertions="51" errors="0" failures="0" skipped="0" time="1.889644">
    <testsuite name="Unit" tests="1" assertions="1" errors="0" failures="0" skipped="0" time="0.006952">
      <testsuite name="Tests\Unit\ExampleTest" file="Example (Tests\Unit\Example)" tests="1" assertions="1" errors="0" failures="0" skipped="0" time="0.006952">
        <testcase name="That true is true" file="Example (Tests\Unit\Example)::That true is true" class="Tests\Unit\ExampleTest" classname="Tests.Unit.ExampleTest" assertions="1" time="0.006952"/>
      </testsuite>
    </testsuite>
    <testsuite name="Feature" tests="21" assertions="50" errors="0" failures="0" skipped="0" time="1.882691">
      <testsuite name="Tests\Feature\Api\AuthApiTest" file="tests\Feature\Api\AuthApiTest.php" tests="5" assertions="12" errors="0" failures="0" skipped="0" time="0.975494">
        <testcase name="register de usuario retorna 201 con el usuario" file="tests\Feature\Api\AuthApiTest.php::register de usuario retorna 201 con el usuario" class="Tests\Feature\Api\AuthApiTest" classname="Tests.Feature.Api.AuthApiTest" assertions="4" time="0.746497"/>
        <testcase name="register rechaza password debil" file="tests\Feature\Api\AuthApiTest.php::register rechaza password debil" class="Tests\Feature\Api\AuthApiTest" classname="Tests.Feature.Api.AuthApiTest" assertions="1" time="0.049780"/>
        <testcase name="login retorna 200 con credenciales válidas" file="tests\Feature\Api\AuthApiTest.php::login retorna 200 con credenciales válidas" class="Tests\Feature\Api\AuthApiTest" classname="Tests.Feature.Api.AuthApiTest" assertions="2" time="0.071359"/>
        <testcase name="login rechaza credenciales incorrectas" file="tests\Feature\Api\AuthApiTest.php::login rechaza credenciales incorrectas" class="Tests\Feature\Api\AuthApiTest" classname="Tests.Feature.Api.AuthApiTest" assertions="2" time="0.050445"/>
        <testcase name="un usuario genera token de acceso Sanctum en texto plano" file="tests\Feature\Api\AuthApiTest.php::un usuario genera token de acceso Sanctum en texto plano" class="Tests\Feature\Api\AuthApiTest" classname="Tests.Feature.Api.AuthApiTest" assertions="3" time="0.057412"/>
      </testsuite>
      <testsuite name="Tests\Feature\Api\CatalogApiTest" file="tests\Feature\Api\CatalogApiTest.php" tests="6" assertions="14" errors="0" failures="0" skipped="0" time="0.312592">
        <testcase name="el catálogo público lista productos activos" file="tests\Feature\Api\CatalogApiTest.php::el catálogo público lista productos activos" class="Tests\Feature\Api\CatalogApiTest" classname="Tests.Feature.Api.CatalogApiTest" assertions="3" time="0.060696"/>
        <testcase name="el catálogo excluye productos inactivos" file="tests\Feature\Api\CatalogApiTest.php::el catálogo excluye productos inactivos" class="Tests\Feature\Api\CatalogApiTest" classname="Tests.Feature.Api.CatalogApiTest" assertions="2" time="0.047850"/>
        <testcase name="el catálogo filtra productos por categoría" file="tests\Feature\Api\CatalogApiTest.php::el catálogo filtra productos por categoría" class="Tests\Feature\Api\CatalogApiTest" classname="Tests.Feature.Api.CatalogApiTest" assertions="2" time="0.048220"/>
        <testcase name="se muestra un producto por su slug" file="tests\Feature\Api\CatalogApiTest.php::se muestra un producto por su slug" class="Tests\Feature\Api\CatalogApiTest" classname="Tests.Feature.Api.CatalogApiTest" assertions="3" time="0.051563"/>
        <testcase name="un slug inexistente devuelve 404" file="tests\Feature\Api\CatalogApiTest.php::un slug inexistente devuelve 404" class="Tests\Feature\Api\CatalogApiTest" classname="Tests.Feature.Api.CatalogApiTest" assertions="1" time="0.052345"/>
        <testcase name="el catálogo público devuelve categorías activas" file="tests\Feature\Api\CatalogApiTest.php::el catálogo público devuelve categorías activas" class="Tests\Feature\Api\CatalogApiTest" classname="Tests.Feature.Api.CatalogApiTest" assertions="3" time="0.051918"/>
      </testsuite>
      <testsuite name="Tests\Feature\Api\RepairApiTest" file="tests\Feature\Api\RepairApiTest.php" tests="5" assertions="10" errors="0" failures="0" skipped="0" time="0.300813">
        <testcase name="se puede registrar una reparación válida" file="tests\Feature\Api\RepairApiTest.php::se puede registrar una reparación válida" class="Tests\Feature\Api\RepairApiTest" classname="Tests.Feature.Api.RepairApiTest" assertions="4" time="0.073722"/>
        <testcase name="registro de reparación valida los datos obligatorios" file="tests\Feature\Api\RepairApiTest.php::registro de reparación valida los datos obligatorios" class="Tests\Feature\Api\RepairApiTest" classname="Tests.Feature.Api.RepairApiTest" assertions="1" time="0.048834"/>
        <testcase name="el número de reparación se genera de forma secuencial" file="tests\Feature\Api\RepairApiTest.php::el número de reparación se genera de forma secuencial" class="Tests\Feature\Api\RepairApiTest" classname="Tests.Feature.Api.RepairApiTest" assertions="1" time="0.049766"/>
        <testcase name="se puede listar reparaciones" file="tests\Feature\Api\RepairApiTest.php::se puede listar reparaciones" class="Tests\Feature\Api\RepairApiTest" classname="Tests.Feature.Api.RepairApiTest" assertions="2" time="0.066335"/>
        <testcase name="las reparaciones se pueden filtrar por estado" file="tests\Feature\Api\RepairApiTest.php::las reparaciones se pueden filtrar por estado" class="Tests\Feature\Api\RepairApiTest" classname="Tests.Feature.Api.RepairApiTest" assertions="2" time="0.062156"/>
      </testsuite>
      <testsuite name="Tests\Feature\InventoryTest" file="Inventory (Tests\Feature\Inventory)" tests="5" assertions="14" errors="0" failures="0" skipped="0" time="0.293792">
        <testcase name="Inventory can be created" file="Inventory (Tests\Feature\Inventory)::Inventory can be created" class="Tests\Feature\InventoryTest" classname="Tests.Feature.InventoryTest" assertions="2" time="0.065174"/>
        <testcase name="Inventory index is accessible" file="Inventory (Tests\Feature\Inventory)::Inventory index is accessible" class="Tests\Feature\InventoryTest" classname="Tests.Feature.InventoryTest" assertions="3" time="0.063955"/>
        <testcase name="Inventory price can be updated" file="Inventory (Tests\Feature\Inventory)::Inventory price can be updated" class="Tests\Feature\InventoryTest" classname="Tests.Feature.InventoryTest" assertions="3" time="0.054389"/>
        <testcase name="Inventory restock updates stock" file="Inventory (Tests\Feature\Inventory)::Inventory restock updates stock" class="Tests\Feature\InventoryTest" classname="Tests.Feature.InventoryTest" assertions="3" time="0.056917"/>
        <testcase name="Inventory stock can be adjusted" file="Inventory (Tests\Feature\Inventory)::Inventory stock can be adjusted" class="Tests\Feature\InventoryTest" classname="Tests.Feature.InventoryTest" assertions="3" time="0.053358"/>
      </testsuite>
    </testsuite>
  </testsuite>
</testsuites>
